The system is: Linux - 2.6.30.8-64.fc11.i686.PAE - i686
Compiling the C compiler identification source file "CMakeCCompilerId.c" succeeded.
Compiler: /usr/bin/gcc 
Build flags: 
Id flags: 

The output was:
0


Compilation of the C compiler identification source "CMakeCCompilerId.c" produced "a.out"

The C compiler identification is GNU, found in "/media/portable/Examples/c++/src/VTK/Visualization/WindowSize/CMakeFiles/CompilerIdC/a.out"

Compiling the CXX compiler identification source file "CMakeCXXCompilerId.cpp" succeeded.
Compiler: /usr/bin/c++ 
Build flags: 
Id flags: 

The output was:
0
CMakeCXXCompilerId.cpp:73: warning: deprecated conversion from string constant to ‘char*’
CMakeCXXCompilerId.cpp:186: warning: deprecated conversion from string constant to ‘char*’
CMakeCXXCompilerId.cpp:187: warning: deprecated conversion from string constant to ‘char*’


Compilation of the CXX compiler identification source "CMakeCXXCompilerId.cpp" produced "a.out"

The CXX compiler identification is GNU, found in "/media/portable/Examples/c++/src/VTK/Visualization/WindowSize/CMakeFiles/CompilerIdCXX/a.out"

Determining if the C compiler works passed with the following output:
Change Dir: /media/portable/Examples/c++/src/VTK/Visualization/WindowSize/CMakeFiles/CMakeTmp

Run Build Command:/usr/bin/gmake "cmTryCompileExec/fast"
/usr/bin/gmake -f CMakeFiles/cmTryCompileExec.dir/build.make CMakeFiles/cmTryCompileExec.dir/build
gmake[1]: Entering directory `/media/portable/Examples/c++/src/VTK/Visualization/WindowSize/CMakeFiles/CMakeTmp'
/home/doriad/bin/CMake/bin/cmake -E cmake_progress_report /media/portable/Examples/c++/src/VTK/Visualization/WindowSize/CMakeFiles/CMakeTmp/CMakeFiles 1
Building C object CMakeFiles/cmTryCompileExec.dir/testCCompiler.c.o
/usr/bin/gcc    -o CMakeFiles/cmTryCompileExec.dir/testCCompiler.c.o   -c /media/portable/Examples/c++/src/VTK/Visualization/WindowSize/CMakeFiles/CMakeTmp/testCCompiler.c
Linking C executable cmTryCompileExec
/home/doriad/bin/CMake/bin/cmake -E cmake_link_script CMakeFiles/cmTryCompileExec.dir/link.txt --verbose=1
/usr/bin/gcc        CMakeFiles/cmTryCompileExec.dir/testCCompiler.c.o  -o cmTryCompileExec  
gmake[1]: Leaving directory `/media/portable/Examples/c++/src/VTK/Visualization/WindowSize/CMakeFiles/CMakeTmp'


Detecting C compiler ABI info compiled with the following output:
Change Dir: /media/portable/Examples/c++/src/VTK/Visualization/WindowSize/CMakeFiles/CMakeTmp

Run Build Command:/usr/bin/gmake "cmTryCompileExec/fast"
/usr/bin/gmake -f CMakeFiles/cmTryCompileExec.dir/build.make CMakeFiles/cmTryCompileExec.dir/build
gmake[1]: Entering directory `/media/portable/Examples/c++/src/VTK/Visualization/WindowSize/CMakeFiles/CMakeTmp'
/home/doriad/bin/CMake/bin/cmake -E cmake_progress_report /media/portable/Examples/c++/src/VTK/Visualization/WindowSize/CMakeFiles/CMakeTmp/CMakeFiles 1
Building C object CMakeFiles/cmTryCompileExec.dir/CMakeCCompilerABI.c.o
/usr/bin/gcc    -o CMakeFiles/cmTryCompileExec.dir/CMakeCCompilerABI.c.o   -c /home/doriad/src/CMake/Modules/CMakeCCompilerABI.c
Linking C executable cmTryCompileExec
/home/doriad/bin/CMake/bin/cmake -E cmake_link_script CMakeFiles/cmTryCompileExec.dir/link.txt --verbose=1
/usr/bin/gcc       -v CMakeFiles/cmTryCompileExec.dir/CMakeCCompilerABI.c.o  -o cmTryCompileExec   
Using built-in specs.
Target: i586-redhat-linux
Configured with: ../configure --prefix=/usr --mandir=/usr/share/man --infodir=/usr/share/info --with-bugurl=http://bugzilla.redhat.com/bugzilla --enable-bootstrap --enable-shared --enable-threads=posix --enable-checking=release --with-system-zlib --enable-__cxa_atexit --disable-libunwind-exceptions --enable-languages=c,c++,objc,obj-c++,java,fortran,ada --enable-java-awt=gtk --disable-dssi --enable-plugin --with-java-home=/usr/lib/jvm/java-1.5.0-gcj-1.5.0.0/jre --enable-libgcj-multifile --enable-java-maintainer-mode --with-ecj-jar=/usr/share/java/eclipse-ecj.jar --disable-libjava-multilib --with-ppl --with-cloog --with-tune=generic --with-arch=i586 --build=i586-redhat-linux
Thread model: posix
gcc version 4.4.1 20090725 (Red Hat 4.4.1-2) (GCC) 
COMPILER_PATH=/usr/libexec/gcc/i586-redhat-linux/4.4.1/:/usr/libexec/gcc/i586-redhat-linux/4.4.1/:/usr/libexec/gcc/i586-redhat-linux/:/usr/lib/gcc/i586-redhat-linux/4.4.1/:/usr/lib/gcc/i586-redhat-linux/:/usr/libexec/gcc/i586-redhat-linux/4.4.1/:/usr/libexec/gcc/i586-redhat-linux/:/usr/lib/gcc/i586-redhat-linux/4.4.1/:/usr/lib/gcc/i586-redhat-linux/
LIBRARY_PATH=/usr/lib/gcc/i586-redhat-linux/4.4.1/:/usr/lib/gcc/i586-redhat-linux/4.4.1/:/usr/lib/gcc/i586-redhat-linux/4.4.1/../../../:/lib/:/usr/lib/
COLLECT_GCC_OPTIONS='-v' '-o' 'cmTryCompileExec' '-mtune=generic' '-march=i586'
 /usr/libexec/gcc/i586-redhat-linux/4.4.1/collect2 --eh-frame-hdr --build-id -m elf_i386 --hash-style=gnu -dynamic-linker /lib/ld-linux.so.2 -o cmTryCompileExec /usr/lib/gcc/i586-redhat-linux/4.4.1/../../../crt1.o /usr/lib/gcc/i586-redhat-linux/4.4.1/../../../crti.o /usr/lib/gcc/i586-redhat-linux/4.4.1/crtbegin.o -L/usr/lib/gcc/i586-redhat-linux/4.4.1 -L/usr/lib/gcc/i586-redhat-linux/4.4.1 -L/usr/lib/gcc/i586-redhat-linux/4.4.1/../../.. CMakeFiles/cmTryCompileExec.dir/CMakeCCompilerABI.c.o -lgcc --as-needed -lgcc_s --no-as-needed -lc -lgcc --as-needed -lgcc_s --no-as-needed /usr/lib/gcc/i586-redhat-linux/4.4.1/crtend.o /usr/lib/gcc/i586-redhat-linux/4.4.1/../../../crtn.o
gmake[1]: Leaving directory `/media/portable/Examples/c++/src/VTK/Visualization/WindowSize/CMakeFiles/CMakeTmp'


Parsed C implicit link information from above output:
  link line regex: [^( *|.*[/\])(ld|ld|collect2)[^/\]*( |$)]
  ignore line: [Change Dir: /media/portable/Examples/c++/src/VTK/Visualization/WindowSize/CMakeFiles/CMakeTmp]
  ignore line: []
  ignore line: [Run Build Command:/usr/bin/gmake "cmTryCompileExec/fast"]
  ignore line: [/usr/bin/gmake -f CMakeFiles/cmTryCompileExec.dir/build.make CMakeFiles/cmTryCompileExec.dir/build]
  ignore line: [gmake[1]: Entering directory `/media/portable/Examples/c++/src/VTK/Visualization/WindowSize/CMakeFiles/CMakeTmp']
  ignore line: [/home/doriad/bin/CMake/bin/cmake -E cmake_progress_report /media/portable/Examples/c++/src/VTK/Visualization/WindowSize/CMakeFiles/CMakeTmp/CMakeFiles 1]
  ignore line: [Building C object CMakeFiles/cmTryCompileExec.dir/CMakeCCompilerABI.c.o]
  ignore line: [/usr/bin/gcc    -o CMakeFiles/cmTryCompileExec.dir/CMakeCCompilerABI.c.o   -c /home/doriad/src/CMake/Modules/CMakeCCompilerABI.c]
  ignore line: [Linking C executable cmTryCompileExec]
  ignore line: [/home/doriad/bin/CMake/bin/cmake -E cmake_link_script CMakeFiles/cmTryCompileExec.dir/link.txt --verbose=1]
  ignore line: [/usr/bin/gcc       -v CMakeFiles/cmTryCompileExec.dir/CMakeCCompilerABI.c.o  -o cmTryCompileExec   ]
  ignore line: [Using built-in specs.]
  ignore line: [Target: i586-redhat-linux]
  ignore line: [Configured with: ../configure --prefix=/usr --mandir=/usr/share/man --infodir=/usr/share/info --with-bugurl=http://bugzilla.redhat.com/bugzilla --enable-bootstrap --enable-shared --enable-threads=posix --enable-checking=release --with-system-zlib --enable-__cxa_atexit --disable-libunwind-exceptions --enable-languages=c,c++,objc,obj-c++,java,fortran,ada --enable-java-awt=gtk --disable-dssi --enable-plugin --with-java-home=/usr/lib/jvm/java-1.5.0-gcj-1.5.0.0/jre --enable-libgcj-multifile --enable-java-maintainer-mode --with-ecj-jar=/usr/share/java/eclipse-ecj.jar --disable-libjava-multilib --with-ppl --with-cloog --with-tune=generic --with-arch=i586 --build=i586-redhat-linux]
  ignore line: [Thread model: posix]
  ignore line: [gcc version 4.4.1 20090725 (Red Hat 4.4.1-2) (GCC) ]
  ignore line: [COMPILER_PATH=/usr/libexec/gcc/i586-redhat-linux/4.4.1/:/usr/libexec/gcc/i586-redhat-linux/4.4.1/:/usr/libexec/gcc/i586-redhat-linux/:/usr/lib/gcc/i586-redhat-linux/4.4.1/:/usr/lib/gcc/i586-redhat-linux/:/usr/libexec/gcc/i586-redhat-linux/4.4.1/:/usr/libexec/gcc/i586-redhat-linux/:/usr/lib/gcc/i586-redhat-linux/4.4.1/:/usr/lib/gcc/i586-redhat-linux/]
  ignore line: [LIBRARY_PATH=/usr/lib/gcc/i586-redhat-linux/4.4.1/:/usr/lib/gcc/i586-redhat-linux/4.4.1/:/usr/lib/gcc/i586-redhat-linux/4.4.1/../../../:/lib/:/usr/lib/]
  ignore line: [COLLECT_GCC_OPTIONS='-v' '-o' 'cmTryCompileExec' '-mtune=generic' '-march=i586']
  link line: [ /usr/libexec/gcc/i586-redhat-linux/4.4.1/collect2 --eh-frame-hdr --build-id -m elf_i386 --hash-style=gnu -dynamic-linker /lib/ld-linux.so.2 -o cmTryCompileExec /usr/lib/gcc/i586-redhat-linux/4.4.1/../../../crt1.o /usr/lib/gcc/i586-redhat-linux/4.4.1/../../../crti.o /usr/lib/gcc/i586-redhat-linux/4.4.1/crtbegin.o -L/usr/lib/gcc/i586-redhat-linux/4.4.1 -L/usr/lib/gcc/i586-redhat-linux/4.4.1 -L/usr/lib/gcc/i586-redhat-linux/4.4.1/../../.. CMakeFiles/cmTryCompileExec.dir/CMakeCCompilerABI.c.o -lgcc --as-needed -lgcc_s --no-as-needed -lc -lgcc --as-needed -lgcc_s --no-as-needed /usr/lib/gcc/i586-redhat-linux/4.4.1/crtend.o /usr/lib/gcc/i586-redhat-linux/4.4.1/../../../crtn.o]
    arg [/usr/libexec/gcc/i586-redhat-linux/4.4.1/collect2] ==> ignore
    arg [--eh-frame-hdr] ==> ignore
    arg [--build-id] ==> ignore
    arg [-m] ==> ignore
    arg [elf_i386] ==> ignore
    arg [--hash-style=gnu] ==> ignore
    arg [-dynamic-linker] ==> ignore
    arg [/lib/ld-linux.so.2] ==> ignore
    arg [-o] ==> ignore
    arg [cmTryCompileExec] ==> ignore
    arg [/usr/lib/gcc/i586-redhat-linux/4.4.1/../../../crt1.o] ==> ignore
    arg [/usr/lib/gcc/i586-redhat-linux/4.4.1/../../../crti.o] ==> ignore
    arg [/usr/lib/gcc/i586-redhat-linux/4.4.1/crtbegin.o] ==> ignore
    arg [-L/usr/lib/gcc/i586-redhat-linux/4.4.1] ==> dir [/usr/lib/gcc/i586-redhat-linux/4.4.1]
    arg [-L/usr/lib/gcc/i586-redhat-linux/4.4.1] ==> dir [/usr/lib/gcc/i586-redhat-linux/4.4.1]
    arg [-L/usr/lib/gcc/i586-redhat-linux/4.4.1/../../..] ==> dir [/usr/lib/gcc/i586-redhat-linux/4.4.1/../../..]
    arg [CMakeFiles/cmTryCompileExec.dir/CMakeCCompilerABI.c.o] ==> ignore
    arg [-lgcc] ==> lib [gcc]
    arg [--as-needed] ==> ignore
    arg [-lgcc_s] ==> lib [gcc_s]
    arg [--no-as-needed] ==> ignore
    arg [-lc] ==> lib [c]
    arg [-lgcc] ==> lib [gcc]
    arg [--as-needed] ==> ignore
    arg [-lgcc_s] ==> lib [gcc_s]
    arg [--no-as-needed] ==> ignore
    arg [/usr/lib/gcc/i586-redhat-linux/4.4.1/crtend.o] ==> ignore
    arg [/usr/lib/gcc/i586-redhat-linux/4.4.1/../../../crtn.o] ==> ignore
  remove lib [gcc]
  remove lib [gcc_s]
  remove lib [gcc]
  remove lib [gcc_s]
  collapse dir [/usr/lib/gcc/i586-redhat-linux/4.4.1] ==> [/usr/lib/gcc/i586-redhat-linux/4.4.1]
  collapse dir [/usr/lib/gcc/i586-redhat-linux/4.4.1] ==> [/usr/lib/gcc/i586-redhat-linux/4.4.1]
  collapse dir [/usr/lib/gcc/i586-redhat-linux/4.4.1/../../..] ==> [/usr/lib]
  implicit libs: [c]
  implicit dirs: [/usr/lib/gcc/i586-redhat-linux/4.4.1;/usr/lib]


Determining if the CXX compiler works passed with the following output:
Change Dir: /media/portable/Examples/c++/src/VTK/Visualization/WindowSize/CMakeFiles/CMakeTmp

Run Build Command:/usr/bin/gmake "cmTryCompileExec/fast"
/usr/bin/gmake -f CMakeFiles/cmTryCompileExec.dir/build.make CMakeFiles/cmTryCompileExec.dir/build
gmake[1]: Entering directory `/media/portable/Examples/c++/src/VTK/Visualization/WindowSize/CMakeFiles/CMakeTmp'
/home/doriad/bin/CMake/bin/cmake -E cmake_progress_report /media/portable/Examples/c++/src/VTK/Visualization/WindowSize/CMakeFiles/CMakeTmp/CMakeFiles 1
Building CXX object CMakeFiles/cmTryCompileExec.dir/testCXXCompiler.cxx.o
/usr/bin/c++     -o CMakeFiles/cmTryCompileExec.dir/testCXXCompiler.cxx.o -c /media/portable/Examples/c++/src/VTK/Visualization/WindowSize/CMakeFiles/CMakeTmp/testCXXCompiler.cxx
Linking CXX executable cmTryCompileExec
/home/doriad/bin/CMake/bin/cmake -E cmake_link_script CMakeFiles/cmTryCompileExec.dir/link.txt --verbose=1
/usr/bin/c++         CMakeFiles/cmTryCompileExec.dir/testCXXCompiler.cxx.o  -o cmTryCompileExec  
gmake[1]: Leaving directory `/media/portable/Examples/c++/src/VTK/Visualization/WindowSize/CMakeFiles/CMakeTmp'


Detecting CXX compiler ABI info compiled with the following output:
Change Dir: /media/portable/Examples/c++/src/VTK/Visualization/WindowSize/CMakeFiles/CMakeTmp

Run Build Command:/usr/bin/gmake "cmTryCompileExec/fast"
/usr/bin/gmake -f CMakeFiles/cmTryCompileExec.dir/build.make CMakeFiles/cmTryCompileExec.dir/build
gmake[1]: Entering directory `/media/portable/Examples/c++/src/VTK/Visualization/WindowSize/CMakeFiles/CMakeTmp'
/home/doriad/bin/CMake/bin/cmake -E cmake_progress_report /media/portable/Examples/c++/src/VTK/Visualization/WindowSize/CMakeFiles/CMakeTmp/CMakeFiles 1
Building CXX object CMakeFiles/cmTryCompileExec.dir/CMakeCXXCompilerABI.cpp.o
/usr/bin/c++     -o CMakeFiles/cmTryCompileExec.dir/CMakeCXXCompilerABI.cpp.o -c /home/doriad/src/CMake/Modules/CMakeCXXCompilerABI.cpp
Linking CXX executable cmTryCompileExec
/home/doriad/bin/CMake/bin/cmake -E cmake_link_script CMakeFiles/cmTryCompileExec.dir/link.txt --verbose=1
/usr/bin/c++        -v CMakeFiles/cmTryCompileExec.dir/CMakeCXXCompilerABI.cpp.o  -o cmTryCompileExec   
Using built-in specs.
Target: i586-redhat-linux
Configured with: ../configure --prefix=/usr --mandir=/usr/share/man --infodir=/usr/share/info --with-bugurl=http://bugzilla.redhat.com/bugzilla --enable-bootstrap --enable-shared --enable-threads=posix --enable-checking=release --with-system-zlib --enable-__cxa_atexit --disable-libunwind-exceptions --enable-languages=c,c++,objc,obj-c++,java,fortran,ada --enable-java-awt=gtk --disable-dssi --enable-plugin --with-java-home=/usr/lib/jvm/java-1.5.0-gcj-1.5.0.0/jre --enable-libgcj-multifile --enable-java-maintainer-mode --with-ecj-jar=/usr/share/java/eclipse-ecj.jar --disable-libjava-multilib --with-ppl --with-cloog --with-tune=generic --with-arch=i586 --build=i586-redhat-linux
Thread model: posix
gcc version 4.4.1 20090725 (Red Hat 4.4.1-2) (GCC) 
COMPILER_PATH=/usr/libexec/gcc/i586-redhat-linux/4.4.1/:/usr/libexec/gcc/i586-redhat-linux/4.4.1/:/usr/libexec/gcc/i586-redhat-linux/:/usr/lib/gcc/i586-redhat-linux/4.4.1/:/usr/lib/gcc/i586-redhat-linux/:/usr/libexec/gcc/i586-redhat-linux/4.4.1/:/usr/libexec/gcc/i586-redhat-linux/:/usr/lib/gcc/i586-redhat-linux/4.4.1/:/usr/lib/gcc/i586-redhat-linux/
LIBRARY_PATH=/usr/lib/gcc/i586-redhat-linux/4.4.1/:/usr/lib/gcc/i586-redhat-linux/4.4.1/:/usr/lib/gcc/i586-redhat-linux/4.4.1/../../../:/lib/:/usr/lib/
COLLECT_GCC_OPTIONS='-v' '-o' 'cmTryCompileExec' '-shared-libgcc' '-mtune=generic' '-march=i586'
 /usr/libexec/gcc/i586-redhat-linux/4.4.1/collect2 --eh-frame-hdr --build-id -m elf_i386 --hash-style=gnu -dynamic-linker /lib/ld-linux.so.2 -o cmTryCompileExec /usr/lib/gcc/i586-redhat-linux/4.4.1/../../../crt1.o /usr/lib/gcc/i586-redhat-linux/4.4.1/../../../crti.o /usr/lib/gcc/i586-redhat-linux/4.4.1/crtbegin.o -L/usr/lib/gcc/i586-redhat-linux/4.4.1 -L/usr/lib/gcc/i586-redhat-linux/4.4.1 -L/usr/lib/gcc/i586-redhat-linux/4.4.1/../../.. CMakeFiles/cmTryCompileExec.dir/CMakeCXXCompilerABI.cpp.o -lstdc++ -lm -lgcc_s -lgcc -lc -lgcc_s -lgcc /usr/lib/gcc/i586-redhat-linux/4.4.1/crtend.o /usr/lib/gcc/i586-redhat-linux/4.4.1/../../../crtn.o
gmake[1]: Leaving directory `/media/portable/Examples/c++/src/VTK/Visualization/WindowSize/CMakeFiles/CMakeTmp'


Parsed CXX implicit link information from above output:
  link line regex: [^( *|.*[/\])(ld|ld|collect2)[^/\]*( |$)]
  ignore line: [Change Dir: /media/portable/Examples/c++/src/VTK/Visualization/WindowSize/CMakeFiles/CMakeTmp]
  ignore line: []
  ignore line: [Run Build Command:/usr/bin/gmake "cmTryCompileExec/fast"]
  ignore line: [/usr/bin/gmake -f CMakeFiles/cmTryCompileExec.dir/build.make CMakeFiles/cmTryCompileExec.dir/build]
  ignore line: [gmake[1]: Entering directory `/media/portable/Examples/c++/src/VTK/Visualization/WindowSize/CMakeFiles/CMakeTmp']
  ignore line: [/home/doriad/bin/CMake/bin/cmake -E cmake_progress_report /media/portable/Examples/c++/src/VTK/Visualization/WindowSize/CMakeFiles/CMakeTmp/CMakeFiles 1]
  ignore line: [Building CXX object CMakeFiles/cmTryCompileExec.dir/CMakeCXXCompilerABI.cpp.o]
  ignore line: [/usr/bin/c++     -o CMakeFiles/cmTryCompileExec.dir/CMakeCXXCompilerABI.cpp.o -c /home/doriad/src/CMake/Modules/CMakeCXXCompilerABI.cpp]
  ignore line: [Linking CXX executable cmTryCompileExec]
  ignore line: [/home/doriad/bin/CMake/bin/cmake -E cmake_link_script CMakeFiles/cmTryCompileExec.dir/link.txt --verbose=1]
  ignore line: [/usr/bin/c++        -v CMakeFiles/cmTryCompileExec.dir/CMakeCXXCompilerABI.cpp.o  -o cmTryCompileExec   ]
  ignore line: [Using built-in specs.]
  ignore line: [Target: i586-redhat-linux]
  ignore line: [Configured with: ../configure --prefix=/usr --mandir=/usr/share/man --infodir=/usr/share/info --with-bugurl=http://bugzilla.redhat.com/bugzilla --enable-bootstrap --enable-shared --enable-threads=posix --enable-checking=release --with-system-zlib --enable-__cxa_atexit --disable-libunwind-exceptions --enable-languages=c,c++,objc,obj-c++,java,fortran,ada --enable-java-awt=gtk --disable-dssi --enable-plugin --with-java-home=/usr/lib/jvm/java-1.5.0-gcj-1.5.0.0/jre --enable-libgcj-multifile --enable-java-maintainer-mode --with-ecj-jar=/usr/share/java/eclipse-ecj.jar --disable-libjava-multilib --with-ppl --with-cloog --with-tune=generic --with-arch=i586 --build=i586-redhat-linux]
  ignore line: [Thread model: posix]
  ignore line: [gcc version 4.4.1 20090725 (Red Hat 4.4.1-2) (GCC) ]
  ignore line: [COMPILER_PATH=/usr/libexec/gcc/i586-redhat-linux/4.4.1/:/usr/libexec/gcc/i586-redhat-linux/4.4.1/:/usr/libexec/gcc/i586-redhat-linux/:/usr/lib/gcc/i586-redhat-linux/4.4.1/:/usr/lib/gcc/i586-redhat-linux/:/usr/libexec/gcc/i586-redhat-linux/4.4.1/:/usr/libexec/gcc/i586-redhat-linux/:/usr/lib/gcc/i586-redhat-linux/4.4.1/:/usr/lib/gcc/i586-redhat-linux/]
  ignore line: [LIBRARY_PATH=/usr/lib/gcc/i586-redhat-linux/4.4.1/:/usr/lib/gcc/i586-redhat-linux/4.4.1/:/usr/lib/gcc/i586-redhat-linux/4.4.1/../../../:/lib/:/usr/lib/]
  ignore line: [COLLECT_GCC_OPTIONS='-v' '-o' 'cmTryCompileExec' '-shared-libgcc' '-mtune=generic' '-march=i586']
  link line: [ /usr/libexec/gcc/i586-redhat-linux/4.4.1/collect2 --eh-frame-hdr --build-id -m elf_i386 --hash-style=gnu -dynamic-linker /lib/ld-linux.so.2 -o cmTryCompileExec /usr/lib/gcc/i586-redhat-linux/4.4.1/../../../crt1.o /usr/lib/gcc/i586-redhat-linux/4.4.1/../../../crti.o /usr/lib/gcc/i586-redhat-linux/4.4.1/crtbegin.o -L/usr/lib/gcc/i586-redhat-linux/4.4.1 -L/usr/lib/gcc/i586-redhat-linux/4.4.1 -L/usr/lib/gcc/i586-redhat-linux/4.4.1/../../.. CMakeFiles/cmTryCompileExec.dir/CMakeCXXCompilerABI.cpp.o -lstdc++ -lm -lgcc_s -lgcc -lc -lgcc_s -lgcc /usr/lib/gcc/i586-redhat-linux/4.4.1/crtend.o /usr/lib/gcc/i586-redhat-linux/4.4.1/../../../crtn.o]
    arg [/usr/libexec/gcc/i586-redhat-linux/4.4.1/collect2] ==> ignore
    arg [--eh-frame-hdr] ==> ignore
    arg [--build-id] ==> ignore
    arg [-m] ==> ignore
    arg [elf_i386] ==> ignore
    arg [--hash-style=gnu] ==> ignore
    arg [-dynamic-linker] ==> ignore
    arg [/lib/ld-linux.so.2] ==> ignore
    arg [-o] ==> ignore
    arg [cmTryCompileExec] ==> ignore
    arg [/usr/lib/gcc/i586-redhat-linux/4.4.1/../../../crt1.o] ==> ignore
    arg [/usr/lib/gcc/i586-redhat-linux/4.4.1/../../../crti.o] ==> ignore
    arg [/usr/lib/gcc/i586-redhat-linux/4.4.1/crtbegin.o] ==> ignore
    arg [-L/usr/lib/gcc/i586-redhat-linux/4.4.1] ==> dir [/usr/lib/gcc/i586-redhat-linux/4.4.1]
    arg [-L/usr/lib/gcc/i586-redhat-linux/4.4.1] ==> dir [/usr/lib/gcc/i586-redhat-linux/4.4.1]
    arg [-L/usr/lib/gcc/i586-redhat-linux/4.4.1/../../..] ==> dir [/usr/lib/gcc/i586-redhat-linux/4.4.1/../../..]
    arg [CMakeFiles/cmTryCompileExec.dir/CMakeCXXCompilerABI.cpp.o] ==> ignore
    arg [-lstdc++] ==> lib [stdc++]
    arg [-lm] ==> lib [m]
    arg [-lgcc_s] ==> lib [gcc_s]
    arg [-lgcc] ==> lib [gcc]
    arg [-lc] ==> lib [c]
    arg [-lgcc_s] ==> lib [gcc_s]
    arg [-lgcc] ==> lib [gcc]
    arg [/usr/lib/gcc/i586-redhat-linux/4.4.1/crtend.o] ==> ignore
    arg [/usr/lib/gcc/i586-redhat-linux/4.4.1/../../../crtn.o] ==> ignore
  remove lib [gcc_s]
  remove lib [gcc]
  remove lib [gcc_s]
  remove lib [gcc]
  collapse dir [/usr/lib/gcc/i586-redhat-linux/4.4.1] ==> [/usr/lib/gcc/i586-redhat-linux/4.4.1]
  collapse dir [/usr/lib/gcc/i586-redhat-linux/4.4.1] ==> [/usr/lib/gcc/i586-redhat-linux/4.4.1]
  collapse dir [/usr/lib/gcc/i586-redhat-linux/4.4.1/../../..] ==> [/usr/lib]
  implicit libs: [stdc++;m;c]
  implicit dirs: [/usr/lib/gcc/i586-redhat-linux/4.4.1;/usr/lib]


